{"/Users/wooseokki/Desktop/Dev_Study/hanghae-nodejs/node-week2/src/app.js": {"path":"/Users/wooseokki/Desktop/Dev_Study/hanghae-nodejs/node-week2/src/app.js","statementMap":{"0":{"start":{"line":1,"column":16},"end":{"line":1,"column":34}},"1":{"start":{"line":2,"column":12},"end":{"line":2,"column":21}},"2":{"start":{"line":3,"column":13},"end":{"line":3,"column":28}},"3":{"start":{"line":4,"column":13},"end":{"line":4,"column":28}},"4":{"start":{"line":5,"column":11},"end":{"line":5,"column":30}},"5":{"start":{"line":7,"column":0},"end":{"line":7,"column":47}},"6":{"start":{"line":8,"column":13},"end":{"line":8,"column":29}},"7":{"start":{"line":10,"column":0},"end":{"line":10,"column":42}},"8":{"start":{"line":11,"column":0},"end":{"line":11,"column":49}},"9":{"start":{"line":12,"column":0},"end":{"line":12,"column":24}},"10":{"start":{"line":13,"column":0},"end":{"line":13,"column":16}},"11":{"start":{"line":14,"column":0},"end":{"line":14,"column":45}},"12":{"start":{"line":16,"column":0},"end":{"line":16,"column":65}},"13":{"start":{"line":19,"column":23},"end":{"line":19,"column":56}},"14":{"start":{"line":20,"column":0},"end":{"line":20,"column":47}},"15":{"start":{"line":23,"column":23},"end":{"line":23,"column":56}},"16":{"start":{"line":24,"column":0},"end":{"line":24,"column":38}},"17":{"start":{"line":27,"column":26},"end":{"line":27,"column":65}},"18":{"start":{"line":28,"column":0},"end":{"line":28,"column":59}},"19":{"start":{"line":31,"column":23},"end":{"line":31,"column":56}},"20":{"start":{"line":32,"column":0},"end":{"line":32,"column":38}},"21":{"start":{"line":34,"column":0},"end":{"line":36,"column":2}},"22":{"start":{"line":35,"column":2},"end":{"line":35,"column":76}},"23":{"start":{"line":43,"column":0},"end":{"line":47,"column":3}},"24":{"start":{"line":44,"column":2},"end":{"line":46,"column":5}},"25":{"start":{"line":45,"column":4},"end":{"line":45,"column":35}},"26":{"start":{"line":50,"column":0},"end":{"line":50,"column":20}}},"fnMap":{"0":{"name":"(anonymous_0)","decl":{"start":{"line":34,"column":13},"end":{"line":34,"column":14}},"loc":{"start":{"line":34,"column":27},"end":{"line":36,"column":1}},"line":34},"1":{"name":"(anonymous_1)","decl":{"start":{"line":43,"column":25},"end":{"line":43,"column":26}},"loc":{"start":{"line":43,"column":31},"end":{"line":47,"column":1}},"line":43},"2":{"name":"(anonymous_2)","decl":{"start":{"line":44,"column":19},"end":{"line":44,"column":20}},"loc":{"start":{"line":44,"column":25},"end":{"line":46,"column":3}},"line":44}},"branchMap":{},"s":{"0":2,"1":2,"2":2,"3":2,"4":2,"5":2,"6":2,"7":2,"8":2,"9":2,"10":2,"11":2,"12":2,"13":2,"14":2,"15":2,"16":2,"17":2,"18":2,"19":2,"20":2,"21":2,"22":0,"23":2,"24":1,"25":1,"26":2},"f":{"0":0,"1":1,"2":1},"b":{},"_coverageSchema":"1a1c01bbd47fc00a2c39e90264f33305004495a9","hash":"13bdfcbc128c0f61cfee06a048a03c43bacfa284"}
,"/Users/wooseokki/Desktop/Dev_Study/hanghae-nodejs/node-week2/src/auth/auth.controller.js": {"path":"/Users/wooseokki/Desktop/Dev_Study/hanghae-nodejs/node-week2/src/auth/auth.controller.js","statementMap":{"0":{"start":{"line":1,"column":16},"end":{"line":1,"column":34}},"1":{"start":{"line":2,"column":15},"end":{"line":2,"column":31}},"2":{"start":{"line":3,"column":15},"end":{"line":3,"column":32}},"3":{"start":{"line":4,"column":12},"end":{"line":4,"column":35}},"4":{"start":{"line":5,"column":20},"end":{"line":5,"column":51}},"5":{"start":{"line":6,"column":15},"end":{"line":6,"column":33}},"6":{"start":{"line":7,"column":26},"end":{"line":7,"column":62}},"7":{"start":{"line":8,"column":45},"end":{"line":8,"column":77}},"8":{"start":{"line":11,"column":0},"end":{"line":50,"column":3}},"9":{"start":{"line":12,"column":2},"end":{"line":49,"column":3}},"10":{"start":{"line":13,"column":59},"end":{"line":13,"column":67}},"11":{"start":{"line":15,"column":4},"end":{"line":20,"column":5}},"12":{"start":{"line":16,"column":6},"end":{"line":19,"column":8}},"13":{"start":{"line":22,"column":4},"end":{"line":27,"column":5}},"14":{"start":{"line":23,"column":6},"end":{"line":26,"column":8}},"15":{"start":{"line":29,"column":22},"end":{"line":29,"column":58}},"16":{"start":{"line":30,"column":4},"end":{"line":35,"column":5}},"17":{"start":{"line":31,"column":6},"end":{"line":34,"column":9}},"18":{"start":{"line":37,"column":4},"end":{"line":39,"column":7}},"19":{"start":{"line":38,"column":6},"end":{"line":38,"column":52}},"20":{"start":{"line":41,"column":4},"end":{"line":43,"column":7}},"21":{"start":{"line":45,"column":4},"end":{"line":48,"column":7}},"22":{"start":{"line":53,"column":0},"end":{"line":92,"column":3}},"23":{"start":{"line":54,"column":2},"end":{"line":91,"column":3}},"24":{"start":{"line":55,"column":32},"end":{"line":55,"column":40}},"25":{"start":{"line":57,"column":17},"end":{"line":57,"column":53}},"26":{"start":{"line":59,"column":4},"end":{"line":64,"column":5}},"27":{"start":{"line":60,"column":6},"end":{"line":63,"column":9}},"28":{"start":{"line":66,"column":4},"end":{"line":86,"column":7}},"29":{"start":{"line":67,"column":6},"end":{"line":72,"column":7}},"30":{"start":{"line":68,"column":8},"end":{"line":71,"column":11}},"31":{"start":{"line":74,"column":26},"end":{"line":80,"column":7}},"32":{"start":{"line":82,"column":6},"end":{"line":82,"column":39}},"33":{"start":{"line":83,"column":6},"end":{"line":85,"column":9}},"34":{"start":{"line":88,"column":4},"end":{"line":90,"column":6}},"35":{"start":{"line":95,"column":0},"end":{"line":101,"column":3}},"36":{"start":{"line":96,"column":19},"end":{"line":96,"column":29}},"37":{"start":{"line":97,"column":2},"end":{"line":100,"column":4}},"38":{"start":{"line":103,"column":0},"end":{"line":103,"column":24}}},"fnMap":{"0":{"name":"(anonymous_0)","decl":{"start":{"line":11,"column":40},"end":{"line":11,"column":41}},"loc":{"start":{"line":11,"column":60},"end":{"line":50,"column":1}},"line":11},"1":{"name":"(anonymous_1)","decl":{"start":{"line":37,"column":35},"end":{"line":37,"column":36}},"loc":{"start":{"line":37,"column":45},"end":{"line":39,"column":5}},"line":37},"2":{"name":"(anonymous_2)","decl":{"start":{"line":53,"column":40},"end":{"line":53,"column":41}},"loc":{"start":{"line":53,"column":60},"end":{"line":92,"column":1}},"line":53},"3":{"name":"(anonymous_3)","decl":{"start":{"line":66,"column":49},"end":{"line":66,"column":50}},"loc":{"start":{"line":66,"column":60},"end":{"line":86,"column":5}},"line":66},"4":{"name":"(anonymous_4)","decl":{"start":{"line":95,"column":35},"end":{"line":95,"column":36}},"loc":{"start":{"line":95,"column":55},"end":{"line":101,"column":1}},"line":95}},"branchMap":{"0":{"loc":{"start":{"line":15,"column":4},"end":{"line":20,"column":5}},"type":"if","locations":[{"start":{"line":15,"column":4},"end":{"line":20,"column":5}},{"start":{},"end":{}}],"line":15},"1":{"loc":{"start":{"line":22,"column":4},"end":{"line":27,"column":5}},"type":"if","locations":[{"start":{"line":22,"column":4},"end":{"line":27,"column":5}},{"start":{},"end":{}}],"line":22},"2":{"loc":{"start":{"line":30,"column":4},"end":{"line":35,"column":5}},"type":"if","locations":[{"start":{"line":30,"column":4},"end":{"line":35,"column":5}},{"start":{},"end":{}}],"line":30},"3":{"loc":{"start":{"line":59,"column":4},"end":{"line":64,"column":5}},"type":"if","locations":[{"start":{"line":59,"column":4},"end":{"line":64,"column":5}},{"start":{},"end":{}}],"line":59},"4":{"loc":{"start":{"line":67,"column":6},"end":{"line":72,"column":7}},"type":"if","locations":[{"start":{"line":67,"column":6},"end":{"line":72,"column":7}},{"start":{},"end":{}}],"line":67}},"s":{"0":2,"1":2,"2":2,"3":2,"4":2,"5":2,"6":2,"7":2,"8":2,"9":1,"10":1,"11":1,"12":0,"13":1,"14":0,"15":1,"16":1,"17":0,"18":1,"19":1,"20":1,"21":0,"22":2,"23":1,"24":1,"25":1,"26":1,"27":0,"28":1,"29":1,"30":0,"31":1,"32":1,"33":1,"34":0,"35":2,"36":0,"37":0,"38":2},"f":{"0":1,"1":1,"2":1,"3":1,"4":0},"b":{"0":[0,1],"1":[0,1],"2":[0,1],"3":[0,1],"4":[0,1]},"_coverageSchema":"1a1c01bbd47fc00a2c39e90264f33305004495a9","hash":"62ccd6d10f148034bad331e493872531f4dae6d8"}
,"/Users/wooseokki/Desktop/Dev_Study/hanghae-nodejs/node-week2/src/auth/auth.service.js": {"path":"/Users/wooseokki/Desktop/Dev_Study/hanghae-nodejs/node-week2/src/auth/auth.service.js","statementMap":{"0":{"start":{"line":1,"column":18},"end":{"line":1,"column":38}},"1":{"start":{"line":3,"column":0},"end":{"line":19,"column":2}},"2":{"start":{"line":6,"column":4},"end":{"line":6,"column":53}},"3":{"start":{"line":11,"column":4},"end":{"line":15,"column":7}},"4":{"start":{"line":17,"column":4},"end":{"line":17,"column":11}}},"fnMap":{"0":{"name":"(anonymous_0)","decl":{"start":{"line":5,"column":15},"end":{"line":5,"column":16}},"loc":{"start":{"line":5,"column":32},"end":{"line":7,"column":3}},"line":5},"1":{"name":"(anonymous_1)","decl":{"start":{"line":10,"column":14},"end":{"line":10,"column":15}},"loc":{"start":{"line":10,"column":47},"end":{"line":18,"column":3}},"line":10}},"branchMap":{},"s":{"0":3,"1":3,"2":2,"3":2,"4":2},"f":{"0":2,"1":2},"b":{},"_coverageSchema":"1a1c01bbd47fc00a2c39e90264f33305004495a9","hash":"0628cfad6e25ee070702d6128c79e184ab1bddcc"}
,"/Users/wooseokki/Desktop/Dev_Study/hanghae-nodejs/node-week2/src/auth/dto/auth.validation.js": {"path":"/Users/wooseokki/Desktop/Dev_Study/hanghae-nodejs/node-week2/src/auth/dto/auth.validation.js","statementMap":{"0":{"start":{"line":1,"column":12},"end":{"line":1,"column":26}},"1":{"start":{"line":3,"column":23},"end":{"line":34,"column":1}},"2":{"start":{"line":36,"column":24},"end":{"line":48,"column":1}},"3":{"start":{"line":37,"column":2},"end":{"line":47,"column":3}},"4":{"start":{"line":38,"column":21},"end":{"line":38,"column":24}},"5":{"start":{"line":39,"column":4},"end":{"line":39,"column":58}},"6":{"start":{"line":41,"column":4},"end":{"line":41,"column":11}},"7":{"start":{"line":43,"column":4},"end":{"line":46,"column":7}},"8":{"start":{"line":50,"column":24},"end":{"line":62,"column":1}},"9":{"start":{"line":51,"column":2},"end":{"line":61,"column":3}},"10":{"start":{"line":52,"column":21},"end":{"line":52,"column":24}},"11":{"start":{"line":53,"column":4},"end":{"line":53,"column":58}},"12":{"start":{"line":55,"column":4},"end":{"line":55,"column":11}},"13":{"start":{"line":57,"column":4},"end":{"line":60,"column":7}},"14":{"start":{"line":64,"column":0},"end":{"line":64,"column":54}}},"fnMap":{"0":{"name":"(anonymous_0)","decl":{"start":{"line":36,"column":24},"end":{"line":36,"column":25}},"loc":{"start":{"line":36,"column":50},"end":{"line":48,"column":1}},"line":36},"1":{"name":"(anonymous_1)","decl":{"start":{"line":50,"column":24},"end":{"line":50,"column":25}},"loc":{"start":{"line":50,"column":50},"end":{"line":62,"column":1}},"line":50}},"branchMap":{},"s":{"0":3,"1":3,"2":3,"3":3,"4":3,"5":3,"6":2,"7":1,"8":3,"9":3,"10":3,"11":3,"12":2,"13":1,"14":3},"f":{"0":3,"1":3},"b":{},"_coverageSchema":"1a1c01bbd47fc00a2c39e90264f33305004495a9","hash":"304dcfcfe433f46b447039e4d412fa5ffbec4433"}
,"/Users/wooseokki/Desktop/Dev_Study/hanghae-nodejs/node-week2/src/comment/comment.controller.js": {"path":"/Users/wooseokki/Desktop/Dev_Study/hanghae-nodejs/node-week2/src/comment/comment.controller.js","statementMap":{"0":{"start":{"line":1,"column":16},"end":{"line":1,"column":34}},"1":{"start":{"line":2,"column":23},"end":{"line":2,"column":51}},"2":{"start":{"line":3,"column":15},"end":{"line":3,"column":52}},"3":{"start":{"line":4,"column":26},"end":{"line":4,"column":62}},"4":{"start":{"line":7,"column":0},"end":{"line":14,"column":3}},"5":{"start":{"line":8,"column":22},"end":{"line":8,"column":32}},"6":{"start":{"line":9,"column":19},"end":{"line":9,"column":64}},"7":{"start":{"line":10,"column":2},"end":{"line":13,"column":5}},"8":{"start":{"line":17,"column":0},"end":{"line":36,"column":3}},"9":{"start":{"line":18,"column":2},"end":{"line":35,"column":3}},"10":{"start":{"line":19,"column":24},"end":{"line":19,"column":34}},"11":{"start":{"line":20,"column":24},"end":{"line":20,"column":32}},"12":{"start":{"line":21,"column":21},"end":{"line":21,"column":31}},"13":{"start":{"line":23,"column":20},"end":{"line":23,"column":32}},"14":{"start":{"line":25,"column":4},"end":{"line":25,"column":57}},"15":{"start":{"line":27,"column":4},"end":{"line":29,"column":7}},"16":{"start":{"line":31,"column":4},"end":{"line":34,"column":7}},"17":{"start":{"line":39,"column":0},"end":{"line":54,"column":3}},"18":{"start":{"line":40,"column":25},"end":{"line":40,"column":35}},"19":{"start":{"line":41,"column":22},"end":{"line":41,"column":30}},"20":{"start":{"line":43,"column":2},"end":{"line":53,"column":3}},"21":{"start":{"line":44,"column":4},"end":{"line":44,"column":54}},"22":{"start":{"line":46,"column":4},"end":{"line":48,"column":7}},"23":{"start":{"line":50,"column":4},"end":{"line":52,"column":7}},"24":{"start":{"line":57,"column":0},"end":{"line":69,"column":3}},"25":{"start":{"line":58,"column":2},"end":{"line":68,"column":3}},"26":{"start":{"line":59,"column":27},"end":{"line":59,"column":37}},"27":{"start":{"line":60,"column":4},"end":{"line":60,"column":51}},"28":{"start":{"line":61,"column":4},"end":{"line":63,"column":7}},"29":{"start":{"line":65,"column":4},"end":{"line":67,"column":7}},"30":{"start":{"line":71,"column":0},"end":{"line":71,"column":24}}},"fnMap":{"0":{"name":"(anonymous_0)","decl":{"start":{"line":7,"column":16},"end":{"line":7,"column":17}},"loc":{"start":{"line":7,"column":36},"end":{"line":14,"column":1}},"line":7},"1":{"name":"(anonymous_1)","decl":{"start":{"line":17,"column":32},"end":{"line":17,"column":33}},"loc":{"start":{"line":17,"column":52},"end":{"line":36,"column":1}},"line":17},"2":{"name":"(anonymous_2)","decl":{"start":{"line":39,"column":44},"end":{"line":39,"column":45}},"loc":{"start":{"line":39,"column":64},"end":{"line":54,"column":1}},"line":39},"3":{"name":"(anonymous_3)","decl":{"start":{"line":57,"column":45},"end":{"line":57,"column":46}},"loc":{"start":{"line":57,"column":65},"end":{"line":69,"column":1}},"line":57}},"branchMap":{},"s":{"0":2,"1":2,"2":2,"3":2,"4":2,"5":0,"6":0,"7":0,"8":2,"9":0,"10":0,"11":0,"12":0,"13":0,"14":0,"15":0,"16":0,"17":2,"18":0,"19":0,"20":0,"21":0,"22":0,"23":0,"24":2,"25":0,"26":0,"27":0,"28":0,"29":0,"30":2},"f":{"0":0,"1":0,"2":0,"3":0},"b":{},"_coverageSchema":"1a1c01bbd47fc00a2c39e90264f33305004495a9","hash":"3b22a9c82b398520cd671ceaad4d034d0795db54"}
,"/Users/wooseokki/Desktop/Dev_Study/hanghae-nodejs/node-week2/src/comment/comment.service.js": {"path":"/Users/wooseokki/Desktop/Dev_Study/hanghae-nodejs/node-week2/src/comment/comment.service.js","statementMap":{"0":{"start":{"line":1,"column":28},"end":{"line":1,"column":48}},"1":{"start":{"line":3,"column":0},"end":{"line":62,"column":2}},"2":{"start":{"line":6,"column":4},"end":{"line":20,"column":7}},"3":{"start":{"line":25,"column":4},"end":{"line":29,"column":7}},"4":{"start":{"line":31,"column":4},"end":{"line":31,"column":11}},"5":{"start":{"line":36,"column":4},"end":{"line":45,"column":6}},"6":{"start":{"line":46,"column":4},"end":{"line":46,"column":11}},"7":{"start":{"line":50,"column":4},"end":{"line":59,"column":6}},"8":{"start":{"line":60,"column":4},"end":{"line":60,"column":11}}},"fnMap":{"0":{"name":"(anonymous_0)","decl":{"start":{"line":5,"column":19},"end":{"line":5,"column":20}},"loc":{"start":{"line":5,"column":38},"end":{"line":21,"column":3}},"line":5},"1":{"name":"(anonymous_1)","decl":{"start":{"line":24,"column":14},"end":{"line":24,"column":15}},"loc":{"start":{"line":24,"column":51},"end":{"line":32,"column":3}},"line":24},"2":{"name":"(anonymous_2)","decl":{"start":{"line":35,"column":17},"end":{"line":35,"column":18}},"loc":{"start":{"line":35,"column":48},"end":{"line":47,"column":3}},"line":35},"3":{"name":"(anonymous_3)","decl":{"start":{"line":49,"column":17},"end":{"line":49,"column":18}},"loc":{"start":{"line":49,"column":39},"end":{"line":61,"column":3}},"line":49}},"branchMap":{},"s":{"0":2,"1":2,"2":0,"3":0,"4":0,"5":0,"6":0,"7":0,"8":0},"f":{"0":0,"1":0,"2":0,"3":0},"b":{},"_coverageSchema":"1a1c01bbd47fc00a2c39e90264f33305004495a9","hash":"2840844c12ff9a1d0c56fdf34c3da933f3a25ce0"}
,"/Users/wooseokki/Desktop/Dev_Study/hanghae-nodejs/node-week2/src/like/like.controller.js": {"path":"/Users/wooseokki/Desktop/Dev_Study/hanghae-nodejs/node-week2/src/like/like.controller.js","statementMap":{"0":{"start":{"line":1,"column":16},"end":{"line":1,"column":34}},"1":{"start":{"line":2,"column":20},"end":{"line":2,"column":45}},"2":{"start":{"line":3,"column":20},"end":{"line":3,"column":51}},"3":{"start":{"line":4,"column":15},"end":{"line":4,"column":52}},"4":{"start":{"line":5,"column":26},"end":{"line":5,"column":62}},"5":{"start":{"line":6,"column":15},"end":{"line":6,"column":32}},"6":{"start":{"line":9,"column":0},"end":{"line":19,"column":3}},"7":{"start":{"line":10,"column":22},"end":{"line":10,"column":32}},"8":{"start":{"line":11,"column":19},"end":{"line":11,"column":29}},"9":{"start":{"line":13,"column":16},"end":{"line":13,"column":65}},"10":{"start":{"line":14,"column":2},"end":{"line":14,"column":61}},"11":{"start":{"line":16,"column":2},"end":{"line":18,"column":5}},"12":{"start":{"line":21,"column":0},"end":{"line":21,"column":24}}},"fnMap":{"0":{"name":"(anonymous_0)","decl":{"start":{"line":9,"column":37},"end":{"line":9,"column":38}},"loc":{"start":{"line":9,"column":57},"end":{"line":19,"column":1}},"line":9}},"branchMap":{},"s":{"0":2,"1":2,"2":2,"3":2,"4":2,"5":2,"6":2,"7":0,"8":0,"9":0,"10":0,"11":0,"12":2},"f":{"0":0},"b":{},"_coverageSchema":"1a1c01bbd47fc00a2c39e90264f33305004495a9","hash":"c35a947481f24315e46eebf89c01717c2dbe42e3"}
,"/Users/wooseokki/Desktop/Dev_Study/hanghae-nodejs/node-week2/src/like/like.service.js": {"path":"/Users/wooseokki/Desktop/Dev_Study/hanghae-nodejs/node-week2/src/like/like.service.js","statementMap":{"0":{"start":{"line":1,"column":18},"end":{"line":1,"column":38}},"1":{"start":{"line":3,"column":0},"end":{"line":35,"column":2}},"2":{"start":{"line":6,"column":4},"end":{"line":6,"column":64}},"3":{"start":{"line":10,"column":4},"end":{"line":22,"column":5}},"4":{"start":{"line":11,"column":6},"end":{"line":14,"column":9}},"5":{"start":{"line":16,"column":6},"end":{"line":21,"column":9}},"6":{"start":{"line":26,"column":4},"end":{"line":29,"column":7}},"7":{"start":{"line":33,"column":4},"end":{"line":33,"column":46}}},"fnMap":{"0":{"name":"(anonymous_0)","decl":{"start":{"line":5,"column":12},"end":{"line":5,"column":13}},"loc":{"start":{"line":5,"column":40},"end":{"line":7,"column":3}},"line":5},"1":{"name":"(anonymous_1)","decl":{"start":{"line":9,"column":14},"end":{"line":9,"column":15}},"loc":{"start":{"line":9,"column":49},"end":{"line":23,"column":3}},"line":9},"2":{"name":"(anonymous_2)","decl":{"start":{"line":25,"column":16},"end":{"line":25,"column":17}},"loc":{"start":{"line":25,"column":35},"end":{"line":30,"column":3}},"line":25},"3":{"name":"(anonymous_3)","decl":{"start":{"line":32,"column":12},"end":{"line":32,"column":13}},"loc":{"start":{"line":32,"column":24},"end":{"line":34,"column":3}},"line":32}},"branchMap":{"0":{"loc":{"start":{"line":10,"column":4},"end":{"line":22,"column":5}},"type":"if","locations":[{"start":{"line":10,"column":4},"end":{"line":22,"column":5}},{"start":{"line":15,"column":11},"end":{"line":22,"column":5}}],"line":10}},"s":{"0":3,"1":3,"2":0,"3":0,"4":0,"5":0,"6":1,"7":1},"f":{"0":0,"1":0,"2":1,"3":1},"b":{"0":[0,0]},"_coverageSchema":"1a1c01bbd47fc00a2c39e90264f33305004495a9","hash":"ff9059c13028d27622acafe677afc2cf3c8182ab"}
,"/Users/wooseokki/Desktop/Dev_Study/hanghae-nodejs/node-week2/src/middleware/verifytoken.js": {"path":"/Users/wooseokki/Desktop/Dev_Study/hanghae-nodejs/node-week2/src/middleware/verifytoken.js","statementMap":{"0":{"start":{"line":1,"column":12},"end":{"line":1,"column":35}},"1":{"start":{"line":2,"column":15},"end":{"line":2,"column":33}},"2":{"start":{"line":3,"column":18},"end":{"line":3,"column":38}},"3":{"start":{"line":5,"column":22},"end":{"line":32,"column":1}},"4":{"start":{"line":6,"column":28},"end":{"line":6,"column":39}},"5":{"start":{"line":7,"column":2},"end":{"line":12,"column":3}},"6":{"start":{"line":8,"column":4},"end":{"line":11,"column":6}},"7":{"start":{"line":13,"column":34},"end":{"line":13,"column":58}},"8":{"start":{"line":14,"column":2},"end":{"line":18,"column":3}},"9":{"start":{"line":15,"column":4},"end":{"line":17,"column":7}},"10":{"start":{"line":20,"column":2},"end":{"line":30,"column":3}},"11":{"start":{"line":21,"column":22},"end":{"line":21,"column":52}},"12":{"start":{"line":22,"column":4},"end":{"line":25,"column":7}},"13":{"start":{"line":23,"column":6},"end":{"line":23,"column":40}},"14":{"start":{"line":24,"column":6},"end":{"line":24,"column":13}},"15":{"start":{"line":27,"column":4},"end":{"line":29,"column":7}},"16":{"start":{"line":34,"column":0},"end":{"line":34,"column":35}}},"fnMap":{"0":{"name":"(anonymous_0)","decl":{"start":{"line":5,"column":22},"end":{"line":5,"column":23}},"loc":{"start":{"line":5,"column":48},"end":{"line":32,"column":1}},"line":5},"1":{"name":"(anonymous_1)","decl":{"start":{"line":22,"column":51},"end":{"line":22,"column":52}},"loc":{"start":{"line":22,"column":61},"end":{"line":25,"column":5}},"line":22}},"branchMap":{"0":{"loc":{"start":{"line":7,"column":2},"end":{"line":12,"column":3}},"type":"if","locations":[{"start":{"line":7,"column":2},"end":{"line":12,"column":3}},{"start":{},"end":{}}],"line":7},"1":{"loc":{"start":{"line":14,"column":2},"end":{"line":18,"column":3}},"type":"if","locations":[{"start":{"line":14,"column":2},"end":{"line":18,"column":3}},{"start":{},"end":{}}],"line":14}},"s":{"0":3,"1":3,"2":3,"3":3,"4":2,"5":2,"6":0,"7":2,"8":2,"9":0,"10":2,"11":2,"12":1,"13":1,"14":1,"15":1,"16":3},"f":{"0":2,"1":1},"b":{"0":[0,2],"1":[0,2]},"_coverageSchema":"1a1c01bbd47fc00a2c39e90264f33305004495a9","hash":"38762ac91bd85aaf27455c085153b4ac0b1592d9"}
,"/Users/wooseokki/Desktop/Dev_Study/hanghae-nodejs/node-week2/src/models/comments.js": {"path":"/Users/wooseokki/Desktop/Dev_Study/hanghae-nodejs/node-week2/src/models/comments.js","statementMap":{"0":{"start":{"line":3,"column":0},"end":{"line":42,"column":2}},"1":{"start":{"line":4,"column":19},"end":{"line":27,"column":3}},"2":{"start":{"line":29,"column":2},"end":{"line":39,"column":4}},"3":{"start":{"line":30,"column":4},"end":{"line":33,"column":7}},"4":{"start":{"line":35,"column":4},"end":{"line":38,"column":7}},"5":{"start":{"line":41,"column":2},"end":{"line":41,"column":18}}},"fnMap":{"0":{"name":"(anonymous_0)","decl":{"start":{"line":3,"column":17},"end":{"line":3,"column":18}},"loc":{"start":{"line":3,"column":43},"end":{"line":42,"column":1}},"line":3},"1":{"name":"(anonymous_1)","decl":{"start":{"line":29,"column":23},"end":{"line":29,"column":24}},"loc":{"start":{"line":29,"column":35},"end":{"line":39,"column":3}},"line":29}},"branchMap":{},"s":{"0":4,"1":4,"2":4,"3":4,"4":4,"5":4},"f":{"0":4,"1":4},"b":{},"_coverageSchema":"1a1c01bbd47fc00a2c39e90264f33305004495a9","hash":"58bc7ae1ecae640972ebf1a4e73351e3b106fbae"}
,"/Users/wooseokki/Desktop/Dev_Study/hanghae-nodejs/node-week2/src/models/index.js": {"path":"/Users/wooseokki/Desktop/Dev_Study/hanghae-nodejs/node-week2/src/models/index.js","statementMap":{"0":{"start":{"line":3,"column":11},"end":{"line":3,"column":24}},"1":{"start":{"line":4,"column":13},"end":{"line":4,"column":28}},"2":{"start":{"line":5,"column":18},"end":{"line":5,"column":38}},"3":{"start":{"line":6,"column":17},"end":{"line":6,"column":42}},"4":{"start":{"line":7,"column":12},"end":{"line":7,"column":49}},"5":{"start":{"line":8,"column":15},"end":{"line":8,"column":65}},"6":{"start":{"line":9,"column":11},"end":{"line":9,"column":13}},"7":{"start":{"line":12,"column":0},"end":{"line":21,"column":1}},"8":{"start":{"line":13,"column":2},"end":{"line":13,"column":74}},"9":{"start":{"line":15,"column":2},"end":{"line":20,"column":4}},"10":{"start":{"line":23,"column":0},"end":{"line":35,"column":5}},"11":{"start":{"line":25,"column":4},"end":{"line":27,"column":6}},"12":{"start":{"line":30,"column":18},"end":{"line":33,"column":5}},"13":{"start":{"line":34,"column":4},"end":{"line":34,"column":27}},"14":{"start":{"line":37,"column":0},"end":{"line":41,"column":3}},"15":{"start":{"line":38,"column":2},"end":{"line":40,"column":3}},"16":{"start":{"line":39,"column":4},"end":{"line":39,"column":32}},"17":{"start":{"line":43,"column":0},"end":{"line":43,"column":25}},"18":{"start":{"line":44,"column":0},"end":{"line":44,"column":25}},"19":{"start":{"line":46,"column":0},"end":{"line":46,"column":20}}},"fnMap":{"0":{"name":"(anonymous_0)","decl":{"start":{"line":24,"column":10},"end":{"line":24,"column":11}},"loc":{"start":{"line":24,"column":20},"end":{"line":28,"column":3}},"line":24},"1":{"name":"(anonymous_1)","decl":{"start":{"line":29,"column":11},"end":{"line":29,"column":12}},"loc":{"start":{"line":29,"column":21},"end":{"line":35,"column":3}},"line":29},"2":{"name":"(anonymous_2)","decl":{"start":{"line":37,"column":24},"end":{"line":37,"column":25}},"loc":{"start":{"line":37,"column":39},"end":{"line":41,"column":1}},"line":37}},"branchMap":{"0":{"loc":{"start":{"line":7,"column":12},"end":{"line":7,"column":49}},"type":"binary-expr","locations":[{"start":{"line":7,"column":12},"end":{"line":7,"column":32}},{"start":{"line":7,"column":36},"end":{"line":7,"column":49}}],"line":7},"1":{"loc":{"start":{"line":12,"column":0},"end":{"line":21,"column":1}},"type":"if","locations":[{"start":{"line":12,"column":0},"end":{"line":21,"column":1}},{"start":{"line":14,"column":7},"end":{"line":21,"column":1}}],"line":12},"2":{"loc":{"start":{"line":26,"column":6},"end":{"line":26,"column":78}},"type":"binary-expr","locations":[{"start":{"line":26,"column":6},"end":{"line":26,"column":29}},{"start":{"line":26,"column":33},"end":{"line":26,"column":50}},{"start":{"line":26,"column":54},"end":{"line":26,"column":78}}],"line":26},"3":{"loc":{"start":{"line":38,"column":2},"end":{"line":40,"column":3}},"type":"if","locations":[{"start":{"line":38,"column":2},"end":{"line":40,"column":3}},{"start":{},"end":{}}],"line":38}},"s":{"0":4,"1":4,"2":4,"3":4,"4":4,"5":4,"6":4,"7":4,"8":0,"9":4,"10":4,"11":20,"12":16,"13":16,"14":4,"15":16,"16":16,"17":4,"18":4,"19":4},"f":{"0":20,"1":16,"2":16},"b":{"0":[4,0],"1":[0,4],"2":[20,20,16],"3":[16,0]},"_coverageSchema":"1a1c01bbd47fc00a2c39e90264f33305004495a9","hash":"3f10f83bd77100f1c2bd6ac5361435c6f0cc7852"}
,"/Users/wooseokki/Desktop/Dev_Study/hanghae-nodejs/node-week2/src/models/like.js": {"path":"/Users/wooseokki/Desktop/Dev_Study/hanghae-nodejs/node-week2/src/models/like.js","statementMap":{"0":{"start":{"line":3,"column":0},"end":{"line":29,"column":2}},"1":{"start":{"line":4,"column":16},"end":{"line":12,"column":3}},"2":{"start":{"line":14,"column":2},"end":{"line":14,"column":30}},"3":{"start":{"line":16,"column":2},"end":{"line":26,"column":4}},"4":{"start":{"line":17,"column":4},"end":{"line":20,"column":7}},"5":{"start":{"line":22,"column":4},"end":{"line":25,"column":7}},"6":{"start":{"line":28,"column":2},"end":{"line":28,"column":15}}},"fnMap":{"0":{"name":"(anonymous_0)","decl":{"start":{"line":3,"column":17},"end":{"line":3,"column":18}},"loc":{"start":{"line":3,"column":43},"end":{"line":29,"column":1}},"line":3},"1":{"name":"(anonymous_1)","decl":{"start":{"line":16,"column":20},"end":{"line":16,"column":21}},"loc":{"start":{"line":16,"column":32},"end":{"line":26,"column":3}},"line":16}},"branchMap":{},"s":{"0":4,"1":4,"2":4,"3":4,"4":4,"5":4,"6":4},"f":{"0":4,"1":4},"b":{},"_coverageSchema":"1a1c01bbd47fc00a2c39e90264f33305004495a9","hash":"223c39b1a7e8850a9d3c8828ed6ca76accc7dc1e"}
,"/Users/wooseokki/Desktop/Dev_Study/hanghae-nodejs/node-week2/src/models/posts.js": {"path":"/Users/wooseokki/Desktop/Dev_Study/hanghae-nodejs/node-week2/src/models/posts.js","statementMap":{"0":{"start":{"line":3,"column":0},"end":{"line":53,"column":2}},"1":{"start":{"line":4,"column":16},"end":{"line":31,"column":3}},"2":{"start":{"line":33,"column":2},"end":{"line":50,"column":4}},"3":{"start":{"line":34,"column":4},"end":{"line":38,"column":7}},"4":{"start":{"line":40,"column":4},"end":{"line":44,"column":7}},"5":{"start":{"line":46,"column":4},"end":{"line":49,"column":7}},"6":{"start":{"line":52,"column":2},"end":{"line":52,"column":15}}},"fnMap":{"0":{"name":"(anonymous_0)","decl":{"start":{"line":3,"column":17},"end":{"line":3,"column":18}},"loc":{"start":{"line":3,"column":43},"end":{"line":53,"column":1}},"line":3},"1":{"name":"(anonymous_1)","decl":{"start":{"line":33,"column":20},"end":{"line":33,"column":21}},"loc":{"start":{"line":33,"column":32},"end":{"line":50,"column":3}},"line":33}},"branchMap":{},"s":{"0":4,"1":4,"2":4,"3":4,"4":4,"5":4,"6":4},"f":{"0":4,"1":4},"b":{},"_coverageSchema":"1a1c01bbd47fc00a2c39e90264f33305004495a9","hash":"a6e58c4f536e126a474e486664c1e52a34b97970"}
,"/Users/wooseokki/Desktop/Dev_Study/hanghae-nodejs/node-week2/src/models/users.js": {"path":"/Users/wooseokki/Desktop/Dev_Study/hanghae-nodejs/node-week2/src/models/users.js","statementMap":{"0":{"start":{"line":3,"column":0},"end":{"line":59,"column":2}},"1":{"start":{"line":4,"column":16},"end":{"line":36,"column":3}},"2":{"start":{"line":38,"column":2},"end":{"line":56,"column":4}},"3":{"start":{"line":39,"column":4},"end":{"line":43,"column":7}},"4":{"start":{"line":45,"column":4},"end":{"line":49,"column":7}},"5":{"start":{"line":51,"column":4},"end":{"line":55,"column":7}},"6":{"start":{"line":58,"column":2},"end":{"line":58,"column":15}}},"fnMap":{"0":{"name":"(anonymous_0)","decl":{"start":{"line":3,"column":17},"end":{"line":3,"column":18}},"loc":{"start":{"line":3,"column":43},"end":{"line":59,"column":1}},"line":3},"1":{"name":"(anonymous_1)","decl":{"start":{"line":38,"column":20},"end":{"line":38,"column":21}},"loc":{"start":{"line":38,"column":32},"end":{"line":56,"column":3}},"line":38}},"branchMap":{},"s":{"0":4,"1":4,"2":4,"3":4,"4":4,"5":4,"6":4},"f":{"0":4,"1":4},"b":{},"_coverageSchema":"1a1c01bbd47fc00a2c39e90264f33305004495a9","hash":"c96abbc4b11df85c6ecb42009dcc33c96efa22fd"}
,"/Users/wooseokki/Desktop/Dev_Study/hanghae-nodejs/node-week2/src/post/post.controller.js": {"path":"/Users/wooseokki/Desktop/Dev_Study/hanghae-nodejs/node-week2/src/post/post.controller.js","statementMap":{"0":{"start":{"line":1,"column":16},"end":{"line":1,"column":34}},"1":{"start":{"line":2,"column":20},"end":{"line":2,"column":45}},"2":{"start":{"line":3,"column":15},"end":{"line":3,"column":31}},"3":{"start":{"line":4,"column":26},"end":{"line":4,"column":62}},"4":{"start":{"line":5,"column":15},"end":{"line":5,"column":32}},"5":{"start":{"line":6,"column":23},"end":{"line":6,"column":55}},"6":{"start":{"line":8,"column":17},"end":{"line":8,"column":45}},"7":{"start":{"line":11,"column":0},"end":{"line":24,"column":3}},"8":{"start":{"line":12,"column":2},"end":{"line":22,"column":3}},"9":{"start":{"line":13,"column":20},"end":{"line":13,"column":50}},"10":{"start":{"line":14,"column":4},"end":{"line":17,"column":7}},"11":{"start":{"line":19,"column":4},"end":{"line":21,"column":6}},"12":{"start":{"line":27,"column":0},"end":{"line":50,"column":2}},"13":{"start":{"line":33,"column":21},"end":{"line":33,"column":24}},"14":{"start":{"line":34,"column":24},"end":{"line":34,"column":32}},"15":{"start":{"line":35,"column":24},"end":{"line":35,"column":39}},"16":{"start":{"line":37,"column":22},"end":{"line":37,"column":65}},"17":{"start":{"line":39,"column":21},"end":{"line":39,"column":75}},"18":{"start":{"line":40,"column":4},"end":{"line":44,"column":5}},"19":{"start":{"line":41,"column":6},"end":{"line":43,"column":9}},"20":{"start":{"line":45,"column":4},"end":{"line":47,"column":7}},"21":{"start":{"line":53,"column":0},"end":{"line":60,"column":3}},"22":{"start":{"line":54,"column":22},"end":{"line":54,"column":32}},"23":{"start":{"line":55,"column":15},"end":{"line":55,"column":54}},"24":{"start":{"line":56,"column":2},"end":{"line":59,"column":5}},"25":{"start":{"line":63,"column":0},"end":{"line":79,"column":2}},"26":{"start":{"line":70,"column":24},"end":{"line":70,"column":34}},"27":{"start":{"line":71,"column":24},"end":{"line":71,"column":32}},"28":{"start":{"line":73,"column":4},"end":{"line":73,"column":45}},"29":{"start":{"line":75,"column":4},"end":{"line":77,"column":7}},"30":{"start":{"line":82,"column":0},"end":{"line":99,"column":2}},"31":{"start":{"line":87,"column":4},"end":{"line":97,"column":5}},"32":{"start":{"line":88,"column":26},"end":{"line":88,"column":36}},"33":{"start":{"line":89,"column":6},"end":{"line":89,"column":44}},"34":{"start":{"line":90,"column":6},"end":{"line":92,"column":9}},"35":{"start":{"line":94,"column":6},"end":{"line":96,"column":9}},"36":{"start":{"line":101,"column":0},"end":{"line":101,"column":24}}},"fnMap":{"0":{"name":"(anonymous_0)","decl":{"start":{"line":11,"column":16},"end":{"line":11,"column":17}},"loc":{"start":{"line":11,"column":36},"end":{"line":24,"column":1}},"line":11},"1":{"name":"(anonymous_1)","decl":{"start":{"line":32,"column":2},"end":{"line":32,"column":3}},"loc":{"start":{"line":32,"column":22},"end":{"line":49,"column":3}},"line":32},"2":{"name":"(anonymous_2)","decl":{"start":{"line":53,"column":24},"end":{"line":53,"column":25}},"loc":{"start":{"line":53,"column":44},"end":{"line":60,"column":1}},"line":53},"3":{"name":"(anonymous_3)","decl":{"start":{"line":69,"column":2},"end":{"line":69,"column":3}},"loc":{"start":{"line":69,"column":22},"end":{"line":78,"column":3}},"line":69},"4":{"name":"(anonymous_4)","decl":{"start":{"line":86,"column":2},"end":{"line":86,"column":3}},"loc":{"start":{"line":86,"column":22},"end":{"line":98,"column":3}},"line":86}},"branchMap":{"0":{"loc":{"start":{"line":37,"column":22},"end":{"line":37,"column":65}},"type":"cond-expr","locations":[{"start":{"line":37,"column":29},"end":{"line":37,"column":58}},{"start":{"line":37,"column":61},"end":{"line":37,"column":65}}],"line":37},"1":{"loc":{"start":{"line":40,"column":4},"end":{"line":44,"column":5}},"type":"if","locations":[{"start":{"line":40,"column":4},"end":{"line":44,"column":5}},{"start":{},"end":{}}],"line":40}},"s":{"0":2,"1":2,"2":2,"3":2,"4":2,"5":2,"6":2,"7":2,"8":1,"9":1,"10":1,"11":0,"12":2,"13":0,"14":0,"15":0,"16":0,"17":0,"18":0,"19":0,"20":0,"21":2,"22":0,"23":0,"24":0,"25":2,"26":0,"27":0,"28":0,"29":0,"30":2,"31":0,"32":0,"33":0,"34":0,"35":0,"36":2},"f":{"0":1,"1":0,"2":0,"3":0,"4":0},"b":{"0":[0,0],"1":[0,0]},"_coverageSchema":"1a1c01bbd47fc00a2c39e90264f33305004495a9","hash":"127b3b515bb47e2abdee30d43f45cdc0bc7a9831"}
,"/Users/wooseokki/Desktop/Dev_Study/hanghae-nodejs/node-week2/src/post/post.service.js": {"path":"/Users/wooseokki/Desktop/Dev_Study/hanghae-nodejs/node-week2/src/post/post.service.js","statementMap":{"0":{"start":{"line":1,"column":53},"end":{"line":1,"column":73}},"1":{"start":{"line":2,"column":20},"end":{"line":2,"column":51}},"2":{"start":{"line":4,"column":0},"end":{"line":128,"column":2}},"3":{"start":{"line":8,"column":31},"end":{"line":25,"column":6}},"4":{"start":{"line":27,"column":4},"end":{"line":32,"column":7}},"5":{"start":{"line":28,"column":20},"end":{"line":30,"column":51}},"6":{"start":{"line":29,"column":26},"end":{"line":29,"column":55}},"7":{"start":{"line":30,"column":24},"end":{"line":30,"column":49}},"8":{"start":{"line":31,"column":6},"end":{"line":31,"column":32}},"9":{"start":{"line":57,"column":4},"end":{"line":75,"column":5}},"10":{"start":{"line":58,"column":6},"end":{"line":65,"column":7}},"11":{"start":{"line":59,"column":8},"end":{"line":64,"column":11}},"12":{"start":{"line":67,"column":6},"end":{"line":71,"column":9}},"13":{"start":{"line":72,"column":6},"end":{"line":72,"column":31}},"14":{"start":{"line":74,"column":6},"end":{"line":74,"column":32}},"15":{"start":{"line":80,"column":27},"end":{"line":98,"column":6}},"16":{"start":{"line":99,"column":4},"end":{"line":99,"column":31}},"17":{"start":{"line":104,"column":4},"end":{"line":113,"column":6}},"18":{"start":{"line":118,"column":4},"end":{"line":125,"column":6}},"19":{"start":{"line":126,"column":4},"end":{"line":126,"column":11}}},"fnMap":{"0":{"name":"(anonymous_0)","decl":{"start":{"line":6,"column":14},"end":{"line":6,"column":15}},"loc":{"start":{"line":6,"column":26},"end":{"line":33,"column":3}},"line":6},"1":{"name":"(anonymous_1)","decl":{"start":{"line":27,"column":21},"end":{"line":27,"column":22}},"loc":{"start":{"line":27,"column":31},"end":{"line":32,"column":5}},"line":27},"2":{"name":"(anonymous_2)","decl":{"start":{"line":29,"column":16},"end":{"line":29,"column":17}},"loc":{"start":{"line":29,"column":26},"end":{"line":29,"column":55}},"line":29},"3":{"name":"(anonymous_3)","decl":{"start":{"line":30,"column":13},"end":{"line":30,"column":14}},"loc":{"start":{"line":30,"column":24},"end":{"line":30,"column":49}},"line":30},"4":{"name":"(anonymous_4)","decl":{"start":{"line":56,"column":11},"end":{"line":56,"column":12}},"loc":{"start":{"line":56,"column":50},"end":{"line":76,"column":3}},"line":56},"5":{"name":"(anonymous_5)","decl":{"start":{"line":79,"column":16},"end":{"line":79,"column":17}},"loc":{"start":{"line":79,"column":35},"end":{"line":100,"column":3}},"line":79},"6":{"name":"(anonymous_6)","decl":{"start":{"line":103,"column":14},"end":{"line":103,"column":15}},"loc":{"start":{"line":103,"column":42},"end":{"line":114,"column":3}},"line":103},"7":{"name":"(anonymous_7)","decl":{"start":{"line":117,"column":14},"end":{"line":117,"column":15}},"loc":{"start":{"line":117,"column":33},"end":{"line":127,"column":3}},"line":117}},"branchMap":{"0":{"loc":{"start":{"line":58,"column":6},"end":{"line":65,"column":7}},"type":"if","locations":[{"start":{"line":58,"column":6},"end":{"line":65,"column":7}},{"start":{},"end":{}}],"line":58},"1":{"loc":{"start":{"line":58,"column":10},"end":{"line":58,"column":44}},"type":"binary-expr","locations":[{"start":{"line":58,"column":10},"end":{"line":58,"column":18}},{"start":{"line":58,"column":22},"end":{"line":58,"column":32}},{"start":{"line":58,"column":36},"end":{"line":58,"column":44}}],"line":58}},"s":{"0":3,"1":3,"2":3,"3":1,"4":1,"5":0,"6":0,"7":0,"8":0,"9":0,"10":0,"11":0,"12":0,"13":0,"14":0,"15":1,"16":1,"17":0,"18":0,"19":0},"f":{"0":1,"1":0,"2":0,"3":0,"4":0,"5":1,"6":0,"7":0},"b":{"0":[0,0],"1":[0,0,0]},"_coverageSchema":"1a1c01bbd47fc00a2c39e90264f33305004495a9","hash":"846fa390282e84fa062a2caf2a7e712b8a2dfaba"}
,"/Users/wooseokki/Desktop/Dev_Study/hanghae-nodejs/node-week2/src/post/dto/post.validation.js": {"path":"/Users/wooseokki/Desktop/Dev_Study/hanghae-nodejs/node-week2/src/post/dto/post.validation.js","statementMap":{"0":{"start":{"line":3,"column":20},"end":{"line":3,"column":46}},"1":{"start":{"line":5,"column":23},"end":{"line":49,"column":1}},"2":{"start":{"line":7,"column":24},"end":{"line":7,"column":32}},"3":{"start":{"line":9,"column":4},"end":{"line":14,"column":5}},"4":{"start":{"line":10,"column":6},"end":{"line":13,"column":9}},"5":{"start":{"line":15,"column":4},"end":{"line":15,"column":11}},"6":{"start":{"line":18,"column":24},"end":{"line":18,"column":34}},"7":{"start":{"line":19,"column":30},"end":{"line":19,"column":45}},"8":{"start":{"line":21,"column":4},"end":{"line":23,"column":5}},"9":{"start":{"line":22,"column":6},"end":{"line":22,"column":13}},"10":{"start":{"line":26,"column":17},"end":{"line":26,"column":56}},"11":{"start":{"line":27,"column":4},"end":{"line":32,"column":5}},"12":{"start":{"line":28,"column":6},"end":{"line":31,"column":9}},"13":{"start":{"line":34,"column":4},"end":{"line":46,"column":5}},"14":{"start":{"line":35,"column":6},"end":{"line":45,"column":7}},"15":{"start":{"line":36,"column":8},"end":{"line":39,"column":11}},"16":{"start":{"line":40,"column":13},"end":{"line":45,"column":7}},"17":{"start":{"line":41,"column":8},"end":{"line":44,"column":11}},"18":{"start":{"line":47,"column":4},"end":{"line":47,"column":11}},"19":{"start":{"line":51,"column":0},"end":{"line":51,"column":32}}},"fnMap":{"0":{"name":"(anonymous_0)","decl":{"start":{"line":6,"column":11},"end":{"line":6,"column":12}},"loc":{"start":{"line":6,"column":31},"end":{"line":16,"column":3}},"line":6},"1":{"name":"(anonymous_1)","decl":{"start":{"line":17,"column":15},"end":{"line":17,"column":16}},"loc":{"start":{"line":17,"column":41},"end":{"line":48,"column":3}},"line":17}},"branchMap":{"0":{"loc":{"start":{"line":9,"column":4},"end":{"line":14,"column":5}},"type":"if","locations":[{"start":{"line":9,"column":4},"end":{"line":14,"column":5}},{"start":{},"end":{}}],"line":9},"1":{"loc":{"start":{"line":21,"column":4},"end":{"line":23,"column":5}},"type":"if","locations":[{"start":{"line":21,"column":4},"end":{"line":23,"column":5}},{"start":{},"end":{}}],"line":21},"2":{"loc":{"start":{"line":27,"column":4},"end":{"line":32,"column":5}},"type":"if","locations":[{"start":{"line":27,"column":4},"end":{"line":32,"column":5}},{"start":{},"end":{}}],"line":27},"3":{"loc":{"start":{"line":34,"column":4},"end":{"line":46,"column":5}},"type":"if","locations":[{"start":{"line":34,"column":4},"end":{"line":46,"column":5}},{"start":{},"end":{}}],"line":34},"4":{"loc":{"start":{"line":34,"column":8},"end":{"line":34,"column":50}},"type":"binary-expr","locations":[{"start":{"line":34,"column":9},"end":{"line":34,"column":19}},{"start":{"line":34,"column":25},"end":{"line":34,"column":49}}],"line":34},"5":{"loc":{"start":{"line":35,"column":6},"end":{"line":45,"column":7}},"type":"if","locations":[{"start":{"line":35,"column":6},"end":{"line":45,"column":7}},{"start":{"line":40,"column":13},"end":{"line":45,"column":7}}],"line":35},"6":{"loc":{"start":{"line":40,"column":13},"end":{"line":45,"column":7}},"type":"if","locations":[{"start":{"line":40,"column":13},"end":{"line":45,"column":7}},{"start":{},"end":{}}],"line":40}},"s":{"0":3,"1":3,"2":0,"3":0,"4":0,"5":0,"6":1,"7":1,"8":1,"9":0,"10":1,"11":1,"12":0,"13":1,"14":1,"15":0,"16":1,"17":0,"18":1,"19":3},"f":{"0":0,"1":1},"b":{"0":[0,0],"1":[0,1],"2":[0,1],"3":[1,0],"4":[1,1],"5":[0,1],"6":[0,1]},"_coverageSchema":"1a1c01bbd47fc00a2c39e90264f33305004495a9","hash":"0d98b91e3e532eb9801f65d009de4328c76f648e"}
,"/Users/wooseokki/Desktop/Dev_Study/hanghae-nodejs/node-week2/test/fixtures/db.js": {"path":"/Users/wooseokki/Desktop/Dev_Study/hanghae-nodejs/node-week2/test/fixtures/db.js","statementMap":{"0":{"start":{"line":1,"column":12},"end":{"line":1,"column":35}},"1":{"start":{"line":2,"column":42},"end":{"line":2,"column":69}},"2":{"start":{"line":3,"column":15},"end":{"line":3,"column":32}},"3":{"start":{"line":4,"column":20},"end":{"line":4,"column":58}},"4":{"start":{"line":5,"column":0},"end":{"line":5,"column":47}},"5":{"start":{"line":7,"column":16},"end":{"line":11,"column":1}},"6":{"start":{"line":13,"column":16},"end":{"line":21,"column":1}},"7":{"start":{"line":25,"column":26},"end":{"line":39,"column":1}},"8":{"start":{"line":26,"column":2},"end":{"line":29,"column":4}},"9":{"start":{"line":32,"column":2},"end":{"line":38,"column":5}},"10":{"start":{"line":33,"column":4},"end":{"line":37,"column":6}},"11":{"start":{"line":41,"column":26},"end":{"line":48,"column":1}},"12":{"start":{"line":42,"column":2},"end":{"line":45,"column":4}},"13":{"start":{"line":47,"column":2},"end":{"line":47,"column":23}},"14":{"start":{"line":50,"column":0},"end":{"line":54,"column":1}}},"fnMap":{"0":{"name":"(anonymous_0)","decl":{"start":{"line":25,"column":26},"end":{"line":25,"column":27}},"loc":{"start":{"line":25,"column":38},"end":{"line":39,"column":1}},"line":25},"1":{"name":"(anonymous_1)","decl":{"start":{"line":32,"column":47},"end":{"line":32,"column":48}},"loc":{"start":{"line":32,"column":57},"end":{"line":38,"column":3}},"line":32},"2":{"name":"(anonymous_2)","decl":{"start":{"line":41,"column":26},"end":{"line":41,"column":27}},"loc":{"start":{"line":41,"column":38},"end":{"line":48,"column":1}},"line":41}},"branchMap":{},"s":{"0":3,"1":3,"2":3,"3":3,"4":3,"5":3,"6":3,"7":3,"8":1,"9":1,"10":1,"11":3,"12":1,"13":1,"14":3},"f":{"0":1,"1":1,"2":1},"b":{},"_coverageSchema":"1a1c01bbd47fc00a2c39e90264f33305004495a9","hash":"1141f9b9df34d0e8073a862331a057895028dff3"}
}
