TN:
SF:src/app.js
FN:34,(anonymous_0)
FN:43,(anonymous_1)
FN:44,(anonymous_2)
FNF:3
FNH:2
FNDA:0,(anonymous_0)
FNDA:1,(anonymous_1)
FNDA:1,(anonymous_2)
DA:1,2
DA:2,2
DA:3,2
DA:4,2
DA:5,2
DA:7,2
DA:8,2
DA:10,2
DA:11,2
DA:12,2
DA:13,2
DA:14,2
DA:16,2
DA:19,2
DA:20,2
DA:23,2
DA:24,2
DA:27,2
DA:28,2
DA:31,2
DA:32,2
DA:34,2
DA:35,0
DA:43,2
DA:44,1
DA:45,1
DA:50,2
LF:27
LH:26
BRF:0
BRH:0
end_of_record
TN:
SF:src/auth/auth.controller.js
FN:11,(anonymous_0)
FN:37,(anonymous_1)
FN:53,(anonymous_2)
FN:66,(anonymous_3)
FN:95,(anonymous_4)
FNF:5
FNH:4
FNDA:1,(anonymous_0)
FNDA:1,(anonymous_1)
FNDA:1,(anonymous_2)
FNDA:1,(anonymous_3)
FNDA:0,(anonymous_4)
DA:1,2
DA:2,2
DA:3,2
DA:4,2
DA:5,2
DA:6,2
DA:7,2
DA:8,2
DA:11,2
DA:12,1
DA:13,1
DA:15,1
DA:16,0
DA:22,1
DA:23,0
DA:29,1
DA:30,1
DA:31,0
DA:37,1
DA:38,1
DA:41,1
DA:45,0
DA:53,2
DA:54,1
DA:55,1
DA:57,1
DA:59,1
DA:60,0
DA:66,1
DA:67,1
DA:68,0
DA:74,1
DA:82,1
DA:83,1
DA:88,0
DA:95,2
DA:96,0
DA:97,0
DA:103,2
LF:39
LH:30
BRDA:15,0,0,0
BRDA:15,0,1,1
BRDA:22,1,0,0
BRDA:22,1,1,1
BRDA:30,2,0,0
BRDA:30,2,1,1
BRDA:59,3,0,0
BRDA:59,3,1,1
BRDA:67,4,0,0
BRDA:67,4,1,1
BRF:10
BRH:5
end_of_record
TN:
SF:src/auth/auth.service.js
FN:5,(anonymous_0)
FN:10,(anonymous_1)
FNF:2
FNH:2
FNDA:2,(anonymous_0)
FNDA:2,(anonymous_1)
DA:1,3
DA:3,3
DA:6,2
DA:11,2
DA:17,2
LF:5
LH:5
BRF:0
BRH:0
end_of_record
TN:
SF:src/auth/dto/auth.validation.js
FN:36,(anonymous_0)
FN:50,(anonymous_1)
FNF:2
FNH:2
FNDA:3,(anonymous_0)
FNDA:3,(anonymous_1)
DA:1,3
DA:3,3
DA:36,3
DA:37,3
DA:38,3
DA:39,3
DA:41,2
DA:43,1
DA:50,3
DA:51,3
DA:52,3
DA:53,3
DA:55,2
DA:57,1
DA:64,3
LF:15
LH:15
BRF:0
BRH:0
end_of_record
TN:
SF:src/comment/comment.controller.js
FN:7,(anonymous_0)
FN:17,(anonymous_1)
FN:39,(anonymous_2)
FN:57,(anonymous_3)
FNF:4
FNH:0
FNDA:0,(anonymous_0)
FNDA:0,(anonymous_1)
FNDA:0,(anonymous_2)
FNDA:0,(anonymous_3)
DA:1,2
DA:2,2
DA:3,2
DA:4,2
DA:7,2
DA:8,0
DA:9,0
DA:10,0
DA:17,2
DA:18,0
DA:19,0
DA:20,0
DA:21,0
DA:23,0
DA:25,0
DA:27,0
DA:31,0
DA:39,2
DA:40,0
DA:41,0
DA:43,0
DA:44,0
DA:46,0
DA:50,0
DA:57,2
DA:58,0
DA:59,0
DA:60,0
DA:61,0
DA:65,0
DA:71,2
LF:31
LH:9
BRF:0
BRH:0
end_of_record
TN:
SF:src/comment/comment.service.js
FN:5,(anonymous_0)
FN:24,(anonymous_1)
FN:35,(anonymous_2)
FN:49,(anonymous_3)
FNF:4
FNH:0
FNDA:0,(anonymous_0)
FNDA:0,(anonymous_1)
FNDA:0,(anonymous_2)
FNDA:0,(anonymous_3)
DA:1,2
DA:3,2
DA:6,0
DA:25,0
DA:31,0
DA:36,0
DA:46,0
DA:50,0
DA:60,0
LF:9
LH:2
BRF:0
BRH:0
end_of_record
TN:
SF:src/like/like.controller.js
FN:9,(anonymous_0)
FNF:1
FNH:0
FNDA:0,(anonymous_0)
DA:1,2
DA:2,2
DA:3,2
DA:4,2
DA:5,2
DA:6,2
DA:9,2
DA:10,0
DA:11,0
DA:13,0
DA:14,0
DA:16,0
DA:21,2
LF:13
LH:8
BRF:0
BRH:0
end_of_record
TN:
SF:src/like/like.service.js
FN:5,(anonymous_0)
FN:9,(anonymous_1)
FN:25,(anonymous_2)
FN:32,(anonymous_3)
FNF:4
FNH:2
FNDA:0,(anonymous_0)
FNDA:0,(anonymous_1)
FNDA:1,(anonymous_2)
FNDA:1,(anonymous_3)
DA:1,3
DA:3,3
DA:6,0
DA:10,0
DA:11,0
DA:16,0
DA:26,1
DA:33,1
LF:8
LH:4
BRDA:10,0,0,0
BRDA:10,0,1,0
BRF:2
BRH:0
end_of_record
TN:
SF:src/middleware/verifytoken.js
FN:5,(anonymous_0)
FN:22,(anonymous_1)
FNF:2
FNH:2
FNDA:2,(anonymous_0)
FNDA:1,(anonymous_1)
DA:1,3
DA:2,3
DA:3,3
DA:5,3
DA:6,2
DA:7,2
DA:8,0
DA:13,2
DA:14,2
DA:15,0
DA:20,2
DA:21,2
DA:22,1
DA:23,1
DA:24,1
DA:27,1
DA:34,3
LF:17
LH:15
BRDA:7,0,0,0
BRDA:7,0,1,2
BRDA:14,1,0,0
BRDA:14,1,1,2
BRF:4
BRH:2
end_of_record
TN:
SF:src/models/comments.js
FN:3,(anonymous_0)
FN:29,(anonymous_1)
FNF:2
FNH:2
FNDA:4,(anonymous_0)
FNDA:4,(anonymous_1)
DA:3,4
DA:4,4
DA:29,4
DA:30,4
DA:35,4
DA:41,4
LF:6
LH:6
BRF:0
BRH:0
end_of_record
TN:
SF:src/models/index.js
FN:24,(anonymous_0)
FN:29,(anonymous_1)
FN:37,(anonymous_2)
FNF:3
FNH:3
FNDA:20,(anonymous_0)
FNDA:16,(anonymous_1)
FNDA:16,(anonymous_2)
DA:3,4
DA:4,4
DA:5,4
DA:6,4
DA:7,4
DA:8,4
DA:9,4
DA:12,4
DA:13,0
DA:15,4
DA:23,4
DA:25,20
DA:30,16
DA:34,16
DA:37,4
DA:38,16
DA:39,16
DA:43,4
DA:44,4
DA:46,4
LF:20
LH:19
BRDA:7,0,0,4
BRDA:7,0,1,0
BRDA:12,1,0,0
BRDA:12,1,1,4
BRDA:26,2,0,20
BRDA:26,2,1,20
BRDA:26,2,2,16
BRDA:38,3,0,16
BRDA:38,3,1,0
BRF:9
BRH:6
end_of_record
TN:
SF:src/models/like.js
FN:3,(anonymous_0)
FN:16,(anonymous_1)
FNF:2
FNH:2
FNDA:4,(anonymous_0)
FNDA:4,(anonymous_1)
DA:3,4
DA:4,4
DA:14,4
DA:16,4
DA:17,4
DA:22,4
DA:28,4
LF:7
LH:7
BRF:0
BRH:0
end_of_record
TN:
SF:src/models/posts.js
FN:3,(anonymous_0)
FN:33,(anonymous_1)
FNF:2
FNH:2
FNDA:4,(anonymous_0)
FNDA:4,(anonymous_1)
DA:3,4
DA:4,4
DA:33,4
DA:34,4
DA:40,4
DA:46,4
DA:52,4
LF:7
LH:7
BRF:0
BRH:0
end_of_record
TN:
SF:src/models/users.js
FN:3,(anonymous_0)
FN:38,(anonymous_1)
FNF:2
FNH:2
FNDA:4,(anonymous_0)
FNDA:4,(anonymous_1)
DA:3,4
DA:4,4
DA:38,4
DA:39,4
DA:45,4
DA:51,4
DA:58,4
LF:7
LH:7
BRF:0
BRH:0
end_of_record
TN:
SF:src/post/post.controller.js
FN:11,(anonymous_0)
FN:32,(anonymous_1)
FN:53,(anonymous_2)
FN:69,(anonymous_3)
FN:86,(anonymous_4)
FNF:5
FNH:1
FNDA:1,(anonymous_0)
FNDA:0,(anonymous_1)
FNDA:0,(anonymous_2)
FNDA:0,(anonymous_3)
FNDA:0,(anonymous_4)
DA:1,2
DA:2,2
DA:3,2
DA:4,2
DA:5,2
DA:6,2
DA:8,2
DA:11,2
DA:12,1
DA:13,1
DA:14,1
DA:19,0
DA:27,2
DA:33,0
DA:34,0
DA:35,0
DA:37,0
DA:39,0
DA:40,0
DA:41,0
DA:45,0
DA:53,2
DA:54,0
DA:55,0
DA:56,0
DA:63,2
DA:70,0
DA:71,0
DA:73,0
DA:75,0
DA:82,2
DA:87,0
DA:88,0
DA:89,0
DA:90,0
DA:94,0
DA:101,2
LF:37
LH:16
BRDA:37,0,0,0
BRDA:37,0,1,0
BRDA:40,1,0,0
BRDA:40,1,1,0
BRF:4
BRH:0
end_of_record
TN:
SF:src/post/post.service.js
FN:6,(anonymous_0)
FN:27,(anonymous_1)
FN:29,(anonymous_2)
FN:30,(anonymous_3)
FN:56,(anonymous_4)
FN:79,(anonymous_5)
FN:103,(anonymous_6)
FN:117,(anonymous_7)
FNF:8
FNH:2
FNDA:1,(anonymous_0)
FNDA:0,(anonymous_1)
FNDA:0,(anonymous_2)
FNDA:0,(anonymous_3)
FNDA:0,(anonymous_4)
FNDA:1,(anonymous_5)
FNDA:0,(anonymous_6)
FNDA:0,(anonymous_7)
DA:1,3
DA:2,3
DA:4,3
DA:8,1
DA:27,1
DA:28,0
DA:29,0
DA:30,0
DA:31,0
DA:57,0
DA:58,0
DA:59,0
DA:67,0
DA:72,0
DA:74,0
DA:80,1
DA:99,1
DA:104,0
DA:118,0
DA:126,0
LF:20
LH:7
BRDA:58,0,0,0
BRDA:58,0,1,0
BRDA:58,1,0,0
BRDA:58,1,1,0
BRDA:58,1,2,0
BRF:5
BRH:0
end_of_record
TN:
SF:src/post/dto/post.validation.js
FN:6,(anonymous_0)
FN:17,(anonymous_1)
FNF:2
FNH:1
FNDA:0,(anonymous_0)
FNDA:1,(anonymous_1)
DA:3,3
DA:5,3
DA:7,0
DA:9,0
DA:10,0
DA:15,0
DA:18,1
DA:19,1
DA:21,1
DA:22,0
DA:26,1
DA:27,1
DA:28,0
DA:34,1
DA:35,1
DA:36,0
DA:40,1
DA:41,0
DA:47,1
DA:51,3
LF:20
LH:12
BRDA:9,0,0,0
BRDA:9,0,1,0
BRDA:21,1,0,0
BRDA:21,1,1,1
BRDA:27,2,0,0
BRDA:27,2,1,1
BRDA:34,3,0,1
BRDA:34,3,1,0
BRDA:34,4,0,1
BRDA:34,4,1,1
BRDA:35,5,0,0
BRDA:35,5,1,1
BRDA:40,6,0,0
BRDA:40,6,1,1
BRF:14
BRH:7
end_of_record
TN:
SF:test/fixtures/db.js
FN:25,(anonymous_0)
FN:32,(anonymous_1)
FN:41,(anonymous_2)
FNF:3
FNH:3
FNDA:1,(anonymous_0)
FNDA:1,(anonymous_1)
FNDA:1,(anonymous_2)
DA:1,3
DA:2,3
DA:3,3
DA:4,3
DA:5,3
DA:7,3
DA:13,3
DA:25,3
DA:26,1
DA:32,1
DA:33,1
DA:41,3
DA:42,1
DA:47,1
DA:50,3
LF:15
LH:15
BRF:0
BRH:0
end_of_record
